<?xml version="1.0" encoding="UTF-8"?>
<testsuite xmlns:xsi="http://www.w3.org/2001/XMLSchema-instance" xsi:noNamespaceSchemaLocation="https://maven.apache.org/surefire/maven-surefire-plugin/xsd/surefire-test-report-3.0.xsd" version="3.0" name="org.jandle.ratelimiter.TokenBucketTest" time="0.004" tests="5" errors="0" skipped="0" failures="0">
  <properties>
[...]
</properties>
  <testcase name="consumesTokenWhenAvailable" classname="org.jandle.ratelimiter.TokenBucketTest" time="0.0"/>
  <testcase name="refillAddsTokensUpToCapacity" classname="org.jandle.ratelimiter.TokenBucketTest" time="0.0"/>
  <testcase name="startsWithFullCapacity" classname="org.jandle.ratelimiter.TokenBucketTest" time="0.0"/>
  <testcase name="updatesLastAccessTime" classname="org.jandle.ratelimiter.TokenBucketTest" time="0.0"/>
  <testcase name="doesNotConsumeWhenEmpty" classname="org.jandle.ratelimiter.TokenBucketTest" time="0.0"/>
</testsuite>